<?xml version="1.0" encoding="UTF-8"?>
<!-- Generated by org.testng.reporters.JUnitReportReporter -->
<testsuite skipped="0" hostname="DESKTOP-9PJSACO" name="Test.day3" tests="4" failures="0" timestamp="17 Sep 2019 13:18:20 GMT" time="0.022" errors="0">
  <testcase name="MobileLogincarLoan" time="0.003" classname="Test.day3"/>
  <testcase name="WebloginCarLoan" time="0.013" classname="Test.day3"/>
  <testcase name="MobileLogincarLoan" time="0.004" classname="Test.day3"/>
  <testcase name="MobileLogincarLoan" time="0.002" classname="Test.day3"/>
</testsuite> <!-- Test.day3 -->
