<?xml version="1.0" encoding="UTF-8"?>
<!-- Generated by org.testng.reporters.JUnitReportReporter -->
<testsuite skipped="0" hostname="DESKTOP-9PJSACO" name="Test.day1" tests="1" failures="0" timestamp="17 Sep 2019 13:18:20 GMT" time="0.005" errors="0">
  <testcase name="Demo" time="0.005" classname="Test.day1"/>
</testsuite> <!-- Test.day1 -->
